IMPORTANT DEBUGGING NOTE: batches of tests are run inside their
own process. For debugging a test inside a debugger, use the
--gtest_filter=<your_test_name> flag along with
--single-process-tests.
Using sharding settings from environment. This is shard 0/1
Using 1 parallel jobs.
Note: Google Test filter = URLParser.Parsing
[==========] Running 1 test from 1 test suite.
[----------] Global test environment set-up.
[----------] 1 test from URLParser
[ RUN      ] URLParser.Parsing
../../url/url_parsing_unittest.cc:54: Failure
Expected equality of these values:
  parse_case.host
    Which is: "[::]"
  parsed_url.host()
    Which is: ""
{"url":"file://[::]/%2e.////-</", "error":{"component":"host", "expected":"[::]", "actual":""}}
Stack trace:
#0 0x556d293d7f45 url::(anonymous namespace)::CheckComponents()
#1 0x556d293d5c68 url::(anonymous namespace)::URLParser_Parsing_Test::TestBody()

../../url/url_parsing_unittest.cc:54: Failure
Expected equality of these values:
  parse_case.host
    Which is: "*2"
  parsed_url.host()
    Which is: ""
{"url":"Y://*2", "error":{"component":"host", "expected":"*2", "actual":""}}
Stack trace:
#0 0x556d293d7f45 url::(anonymous namespace)::CheckComponents()
#1 0x556d293d5c68 url::(anonymous namespace)::URLParser_Parsing_Test::TestBody()

../../url/url_parsing_unittest.cc:54: Failure
Expected equality of these values:
  parse_case.host
    Which is: "[::0:5fd]"
  parsed_url.host()
    Which is: "[::5fd]"
{"url":"C:/<//[::0.0.5.253]", "error":{"component":"host", "expected":"[::0:5fd]", "actual":"[::5fd]"}}
Stack trace:
#0 0x556d293d7f45 url::(anonymous namespace)::CheckComponents()
#1 0x556d293d5c68 url::(anonymous namespace)::URLParser_Parsing_Test::TestBody()

../../url/url_parsing_unittest.cc:56: Failure
Expected equality of these values:
  parse_case.path
    Which is: "/^"
  parsed_url.path()
    Which is: "/%5E"
{"url":"ws://[::]<%2e/^", "error":{"component":"path", "expected":"/^", "actual":"/%5E"}}
Stack trace:
#0 0x556d293d7f45 url::(anonymous namespace)::CheckComponents()
#1 0x556d293d5c68 url::(anonymous namespace)::URLParser_Parsing_Test::TestBody()

../../url/url_parsing_unittest.cc:54: Failure
Expected equality of these values:
  parse_case.host
    Which is: ""
  parsed_url.host()
    Which is: ".."
{"url":"Q:/<///%2e./////////%2e%2e", "error":{"component":"host", "expected":"", "actual":".."}}
Stack trace:
#0 0x556d293d7f45 url::(anonymous namespace)::CheckComponents()
#1 0x556d293d5c68 url::(anonymous namespace)::URLParser_Parsing_Test::TestBody()

../../url/url_parsing_unittest.cc:54: Failure
Expected equality of these values:
  parse_case.host
    Which is: "[::ccca:aeeb:5:886]"
  parsed_url.host()
    Which is: ""
{"url":"E://[::ccca:aeeb:0.5.8.134]", "error":{"component":"host", "expected":"[::ccca:aeeb:5:886]", "actual":""}}
Stack trace:
#0 0x556d293d7f45 url::(anonymous namespace)::CheckComponents()
#1 0x556d293d5c68 url::(anonymous namespace)::URLParser_Parsing_Test::TestBody()

../../url/url_parsing_unittest.cc:32: Failure
Value of: parsed_url.is_valid()
  Actual: false
Expected: true
{"url":"H://'1</", "exception":"invalid URL"}
Stack trace:
#0 0x556d293d5b06 url::(anonymous namespace)::URLParser_Parsing_Test::TestBody()

../../url/url_parsing_unittest.cc:54: Failure
Expected equality of these values:
  parse_case.host
    Which is: "="
  parsed_url.host()
    Which is: "%3D"
{"url":"ws://=", "error":{"component":"host", "expected":"=", "actual":"%3D"}}
Stack trace:
#0 0x556d293d7f45 url::(anonymous namespace)::CheckComponents()
#1 0x556d293d5c68 url::(anonymous namespace)::URLParser_Parsing_Test::TestBody()

../../url/url_parsing_unittest.cc:32: Failure
Value of: parsed_url.is_valid()
  Actual: false
Expected: true
{"url":"Q://[::fcbc:daea:6.3.7.198]</", "exception":"invalid URL"}
Stack trace:
#0 0x556d293d5b06 url::(anonymous namespace)::URLParser_Parsing_Test::TestBody()

../../url/url_parsing_unittest.cc:32: Failure
Value of: parsed_url.is_valid()
  Actual: false
Expected: true
{"url":"T://[bc4d::edba]</", "exception":"invalid URL"}
Stack trace:
#0 0x556d293d5b06 url::(anonymous namespace)::URLParser_Parsing_Test::TestBody()

../../url/url_parsing_unittest.cc:54: Failure
Expected equality of these values:
  parse_case.host
    Which is: "[ab1f:ccea::ebeb:eebd]"
  parsed_url.host()
    Which is: ""
{"url":"D://[ab1f:ccea::ebeb:eebd]", "error":{"component":"host", "expected":"[ab1f:ccea::ebeb:eebd]", "actual":""}}
Stack trace:
#0 0x556d293d7f45 url::(anonymous namespace)::CheckComponents()
#1 0x556d293d5c68 url::(anonymous namespace)::URLParser_Parsing_Test::TestBody()

../../url/url_parsing_unittest.cc:54: Failure
Expected equality of these values:
  parse_case.host
    Which is: "g`"
  parsed_url.host()
    Which is: ""
{"url":"T://G`", "error":{"component":"host", "expected":"g`", "actual":""}}
Stack trace:
#0 0x556d293d7f45 url::(anonymous namespace)::CheckComponents()
#1 0x556d293d5c68 url::(anonymous namespace)::URLParser_Parsing_Test::TestBody()

../../url/url_parsing_unittest.cc:32: Failure
Value of: parsed_url.is_valid()
  Actual: false
Expected: true
{"url":"D://[::ebcc:253.6.2.9]</", "exception":"invalid URL"}
Stack trace:
#0 0x556d293d5b06 url::(anonymous namespace)::URLParser_Parsing_Test::TestBody()

../../url/url_parsing_unittest.cc:54: Failure
Expected equality of these values:
  parse_case.host
    Which is: "*"
  parsed_url.host()
    Which is: "%2A"
{"url":"file:///<//*", "error":{"component":"host", "expected":"*", "actual":"%2A"}}
Stack trace:
#0 0x556d293d7f45 url::(anonymous namespace)::CheckComponents()
#1 0x556d293d5c68 url::(anonymous namespace)::URLParser_Parsing_Test::TestBody()

../../url/url_parsing_unittest.cc:54: Failure
Expected equality of these values:
  parse_case.host
    Which is: "[::ffcf:5d3:905]"
  parsed_url.host()
    Which is: ""
{"url":"T://[::ffcf:5.211.9.5]", "error":{"component":"host", "expected":"[::ffcf:5d3:905]", "actual":""}}
Stack trace:
#0 0x556d293d7f45 url::(anonymous namespace)::CheckComponents()
#1 0x556d293d5c68 url::(anonymous namespace)::URLParser_Parsing_Test::TestBody()

../../url/url_parsing_unittest.cc:56: Failure
Expected equality of these values:
  parse_case.path
    Which is: "////////^"
  parsed_url.path()
    Which is: "////////%5E"
{"url":"J:/<..////////^", "error":{"component":"path", "expected":"////////^", "actual":"////////%5E"}}
Stack trace:
#0 0x556d293d7f45 url::(anonymous namespace)::CheckComponents()
#1 0x556d293d5c68 url::(anonymous namespace)::URLParser_Parsing_Test::TestBody()

../../url/url_parsing_unittest.cc:56: Failure
Expected equality of these values:
  parse_case.path
    Which is: "//^"
  parsed_url.path()
    Which is: "//%5E"
{"url":"file://[::]/.//^", "error":{"component":"path", "expected":"//^", "actual":"//%5E"}}
Stack trace:
#0 0x556d293d7f45 url::(anonymous namespace)::CheckComponents()
#1 0x556d293d5c68 url::(anonymous namespace)::URLParser_Parsing_Test::TestBody()

../../url/url_parsing_unittest.cc:54: Failure
Expected equality of these values:
  parse_case.host
    Which is: "[::]"
  parsed_url.host()
    Which is: ""
{"url":"file://[::]/%2e.//////,</", "error":{"component":"host", "expected":"[::]", "actual":""}}
Stack trace:
#0 0x556d293d7f45 url::(anonymous namespace)::CheckComponents()
#1 0x556d293d5c68 url::(anonymous namespace)::URLParser_Parsing_Test::TestBody()

../../url/url_parsing_unittest.cc:54: Failure
Expected equality of these values:
  parse_case.host
    Which is: "')"
  parsed_url.host()
    Which is: "%27%29"
{"url":"http://[::]<//')", "error":{"component":"host", "expected":"')", "actual":"%27%29"}}
Stack trace:
#0 0x556d293d7f45 url::(anonymous namespace)::CheckComponents()
#1 0x556d293d5c68 url::(anonymous namespace)::URLParser_Parsing_Test::TestBody()

../../url/url_parsing_unittest.cc:32: Failure
Value of: parsed_url.is_valid()
  Actual: false
Expected: true
{"url":"U://[::ccee:fabf:7.1.250.8]</", "exception":"invalid URL"}
Stack trace:
#0 0x556d293d5b06 url::(anonymous namespace)::URLParser_Parsing_Test::TestBody()

../../url/url_parsing_unittest.cc:54: Failure
Expected equality of these values:
  parse_case.host
    Which is: "-+"
  parsed_url.host()
    Which is: ""
{"url":"A://-+", "error":{"component":"host", "expected":"-+", "actual":""}}
Stack trace:
#0 0x556d293d7f45 url::(anonymous namespace)::CheckComponents()
#1 0x556d293d5c68 url::(anonymous namespace)::URLParser_Parsing_Test::TestBody()

../../url/url_parsing_unittest.cc:54: Failure
Expected equality of these values:
  parse_case.host
    Which is: "a"
  parsed_url.host()
    Which is: ""
{"url":"file://A/%2e//////%2e%2e</", "error":{"component":"host", "expected":"a", "actual":""}}
Stack trace:
#0 0x556d293d7f45 url::(anonymous namespace)::CheckComponents()
#1 0x556d293d5c68 url::(anonymous namespace)::URLParser_Parsing_Test::TestBody()

../../url/url_parsing_unittest.cc:54: Failure
Expected equality of these values:
  parse_case.host
    Which is: ""
  parsed_url.host()
    Which is: "."
{"url":"Z:/<///.///%", "error":{"component":"host", "expected":"", "actual":"."}}
Stack trace:
#0 0x556d293d7f45 url::(anonymous namespace)::CheckComponents()
#1 0x556d293d5c68 url::(anonymous namespace)::URLParser_Parsing_Test::TestBody()

../../url/url_parsing_unittest.cc:54: Failure
Expected equality of these values:
  parse_case.host
    Which is: ""
  parsed_url.host()
    Which is: ".."
{"url":"B:/<///%2e./////////%2e.", "error":{"component":"host", "expected":"", "actual":".."}}
Stack trace:
#0 0x556d293d7f45 url::(anonymous namespace)::CheckComponents()
#1 0x556d293d5c68 url::(anonymous namespace)::URLParser_Parsing_Test::TestBody()

../../url/url_parsing_unittest.cc:54: Failure
Expected equality of these values:
  parse_case.host
    Which is: "[::faae:804:7509]"
  parsed_url.host()
    Which is: ""
{"url":"C://[::faae:8.4.117.9]", "error":{"component":"host", "expected":"[::faae:804:7509]", "actual":""}}
Stack trace:
#0 0x556d293d7f45 url::(anonymous namespace)::CheckComponents()
#1 0x556d293d5c68 url::(anonymous namespace)::URLParser_Parsing_Test::TestBody()

../../url/url_parsing_unittest.cc:32: Failure
Value of: parsed_url.is_valid()
  Actual: false
Expected: true
{"url":"B:/<///@", "exception":"invalid URL"}
Stack trace:
#0 0x556d293d5b06 url::(anonymous namespace)::URLParser_Parsing_Test::TestBody()

../../url/url_parsing_unittest.cc:54: Failure
Expected equality of these values:
  parse_case.host
    Which is: "b{"
  parsed_url.host()
    Which is: "b%7B"
{"url":"wss://B{", "error":{"component":"host", "expected":"b{", "actual":"b%7B"}}
Stack trace:
#0 0x556d293d7f45 url::(anonymous namespace)::CheckComponents()
#1 0x556d293d5c68 url::(anonymous namespace)::URLParser_Parsing_Test::TestBody()

../../url/url_parsing_unittest.cc:32: Failure
Value of: parsed_url.is_valid()
  Actual: false
Expected: true
{"url":"K://[::cdfa:fcff:253.2.7.5]</", "exception":"invalid URL"}
Stack trace:
#0 0x556d293d5b06 url::(anonymous namespace)::URLParser_Parsing_Test::TestBody()

../../url/url_parsing_unittest.cc:54: Failure
Expected equality of these values:
  parse_case.host
    Which is: "`,"
  parsed_url.host()
    Which is: "%60%2C"
{"url":"ftp://`,", "error":{"component":"host", "expected":"`,", "actual":"%60%2C"}}
Stack trace:
#0 0x556d293d7f45 url::(anonymous namespace)::CheckComponents()
#1 0x556d293d5c68 url::(anonymous namespace)::URLParser_Parsing_Test::TestBody()

../../url/url_parsing_unittest.cc:56: Failure
Expected equality of these values:
  parse_case.path
    Which is: "/"
  parsed_url.path()
    Which is: "///./"
{"url":"U:///.//////$</", "error":{"component":"path", "expected":"/", "actual":"///./"}}
Stack trace:
#0 0x556d293d7f45 url::(anonymous namespace)::CheckComponents()
#1 0x556d293d5c68 url::(anonymous namespace)::URLParser_Parsing_Test::TestBody()

../../url/url_parsing_unittest.cc:54: Failure
Expected equality of these values:
  parse_case.host
    Which is: "("
  parsed_url.host()
    Which is: ""
{"url":"A://(", "error":{"component":"host", "expected":"(", "actual":""}}
Stack trace:
#0 0x556d293d7f45 url::(anonymous namespace)::CheckComponents()
#1 0x556d293d5c68 url::(anonymous namespace)::URLParser_Parsing_Test::TestBody()

../../url/url_parsing_unittest.cc:54: Failure
Expected equality of these values:
  parse_case.host
    Which is: "[::4bea]"
  parsed_url.host()
    Which is: ""
{"url":"Y://[::4bea]", "error":{"component":"host", "expected":"[::4bea]", "actual":""}}
Stack trace:
#0 0x556d293d7f45 url::(anonymous namespace)::CheckComponents()
#1 0x556d293d5c68 url::(anonymous namespace)::URLParser_Parsing_Test::TestBody()

../../url/url_parsing_unittest.cc:32: Failure
Value of: parsed_url.is_valid()
  Actual: false
Expected: true
{"url":"C:///'%7b</", "exception":"invalid URL"}
Stack trace:
#0 0x556d293d5b06 url::(anonymous namespace)::URLParser_Parsing_Test::TestBody()

../../url/url_parsing_unittest.cc:54: Failure
Expected equality of these values:
  parse_case.host
    Which is: "("
  parsed_url.host()
    Which is: ""
{"url":"J://(", "error":{"component":"host", "expected":"(", "actual":""}}
Stack trace:
#0 0x556d293d7f45 url::(anonymous namespace)::CheckComponents()
#1 0x556d293d5c68 url::(anonymous namespace)::URLParser_Parsing_Test::TestBody()

../../url/url_parsing_unittest.cc:54: Failure
Expected equality of these values:
  parse_case.host
    Which is: "(+"
  parsed_url.host()
    Which is: "%28+"
{"url":"wss://[::]<//(+", "error":{"component":"host", "expected":"(+", "actual":"%28+"}}
Stack trace:
#0 0x556d293d7f45 url::(anonymous namespace)::CheckComponents()
#1 0x556d293d5c68 url::(anonymous namespace)::URLParser_Parsing_Test::TestBody()

../../url/url_parsing_unittest.cc:54: Failure
Expected equality of these values:
  parse_case.host
    Which is: ""
  parsed_url.host()
    Which is: "."
{"url":"L:/<///%2e/%60", "error":{"component":"host", "expected":"", "actual":"."}}
Stack trace:
#0 0x556d293d7f45 url::(anonymous namespace)::CheckComponents()
#1 0x556d293d5c68 url::(anonymous namespace)::URLParser_Parsing_Test::TestBody()

../../url/url_parsing_unittest.cc:54: Failure
Expected equality of these values:
  parse_case.host
    Which is: "d"
  parsed_url.host()
    Which is: ""
{"url":"file://D/.///////=</", "error":{"component":"host", "expected":"d", "actual":""}}
Stack trace:
#0 0x556d293d7f45 url::(anonymous namespace)::CheckComponents()
#1 0x556d293d5c68 url::(anonymous namespace)::URLParser_Parsing_Test::TestBody()

../../url/url_parsing_unittest.cc:56: Failure
Expected equality of these values:
  parse_case.path
    Which is: "/"
  parsed_url.path()
    Which is: "///./"
{"url":"I:///.////%2e</", "error":{"component":"path", "expected":"/", "actual":"///./"}}
Stack trace:
#0 0x556d293d7f45 url::(anonymous namespace)::CheckComponents()
#1 0x556d293d5c68 url::(anonymous namespace)::URLParser_Parsing_Test::TestBody()

../../url/url_parsing_unittest.cc:54: Failure
Expected equality of these values:
  parse_case.host
    Which is: "$"
  parsed_url.host()
    Which is: ""
{"url":"O://$", "error":{"component":"host", "expected":"$", "actual":""}}
Stack trace:
#0 0x556d293d7f45 url::(anonymous namespace)::CheckComponents()
#1 0x556d293d5c68 url::(anonymous namespace)::URLParser_Parsing_Test::TestBody()

../../url/url_parsing_unittest.cc:54: Failure
Expected equality of these values:
  parse_case.host
    Which is: "6.3.223.3"
  parsed_url.host()
    Which is: ""
{"url":"file://6.3.223.3</", "error":{"component":"host", "expected":"6.3.223.3", "actual":""}}
Stack trace:
#0 0x556d293d7f45 url::(anonymous namespace)::CheckComponents()
#1 0x556d293d5c68 url::(anonymous namespace)::URLParser_Parsing_Test::TestBody()

../../url/url_parsing_unittest.cc:54: Failure
Expected equality of these values:
  parse_case.host
    Which is: ")'"
  parsed_url.host()
    Which is: "%29%27"
{"url":"ftp://[::]<//)'", "error":{"component":"host", "expected":")'", "actual":"%29%27"}}
Stack trace:
#0 0x556d293d7f45 url::(anonymous namespace)::CheckComponents()
#1 0x556d293d5c68 url::(anonymous namespace)::URLParser_Parsing_Test::TestBody()

../../url/url_parsing_unittest.cc:54: Failure
Expected equality of these values:
  parse_case.host
    Which is: ""
  parsed_url.host()
    Which is: "."
{"url":"W:/<///.///////ó’Ž‘", "error":{"component":"host", "expected":"", "actual":"."}}
Stack trace:
#0 0x556d293d7f45 url::(anonymous namespace)::CheckComponents()
#1 0x556d293d5c68 url::(anonymous namespace)::URLParser_Parsing_Test::TestBody()

../../url/url_parsing_unittest.cc:56: Failure
Expected equality of these values:
  parse_case.path
    Which is: "////////^"
  parsed_url.path()
    Which is: "////////%5E"
{"url":"file:///<//U/.%2e////////^", "error":{"component":"path", "expected":"////////^", "actual":"////////%5E"}}
Stack trace:
#0 0x556d293d7f45 url::(anonymous namespace)::CheckComponents()
#1 0x556d293d5c68 url::(anonymous namespace)::URLParser_Parsing_Test::TestBody()

../../url/url_parsing_unittest.cc:32: Failure
Value of: parsed_url.is_valid()
  Actual: false
Expected: true
{"url":"H://[::dfff:bbaa:0.7.253.6]</", "exception":"invalid URL"}
Stack trace:
#0 0x556d293d5b06 url::(anonymous namespace)::URLParser_Parsing_Test::TestBody()

../../url/url_parsing_unittest.cc:54: Failure
Expected equality of these values:
  parse_case.host
    Which is: "[::]"
  parsed_url.host()
    Which is: ""
{"url":"file://[::]/..//(</", "error":{"component":"host", "expected":"[::]", "actual":""}}
Stack trace:
#0 0x556d293d7f45 url::(anonymous namespace)::CheckComponents()
#1 0x556d293d5c68 url::(anonymous namespace)::URLParser_Parsing_Test::TestBody()

../../url/url_parsing_unittest.cc:32: Failure
Value of: parsed_url.is_valid()
  Actual: false
Expected: true
{"url":"F://[cbd6:eefe::cbef:cbca]</", "exception":"invalid URL"}
Stack trace:
#0 0x556d293d5b06 url::(anonymous namespace)::URLParser_Parsing_Test::TestBody()

../../url/url_parsing_unittest.cc:54: Failure
Expected equality of these values:
  parse_case.host
    Which is: ""
  parsed_url.host()
    Which is: ".."
{"url":"O:/<///%2e.////////|", "error":{"component":"host", "expected":"", "actual":".."}}
Stack trace:
#0 0x556d293d7f45 url::(anonymous namespace)::CheckComponents()
#1 0x556d293d5c68 url::(anonymous namespace)::URLParser_Parsing_Test::TestBody()

../../url/url_parsing_unittest.cc:54: Failure
Expected equality of these values:
  parse_case.host
    Which is: "[::]"
  parsed_url.host()
    Which is: ""
{"url":"file://[::]/.//&</", "error":{"component":"host", "expected":"[::]", "actual":""}}
Stack trace:
#0 0x556d293d7f45 url::(anonymous namespace)::CheckComponents()
#1 0x556d293d5c68 url::(anonymous namespace)::URLParser_Parsing_Test::TestBody()

../../url/url_parsing_unittest.cc:54: Failure
Expected equality of these values:
  parse_case.host
    Which is: "[::aac6:bdae]"
  parsed_url.host()
    Which is: ""
{"url":"file://[::aac6:bdae]</", "error":{"component":"host", "expected":"[::aac6:bdae]", "actual":""}}
Stack trace:
#0 0x556d293d7f45 url::(anonymous namespace)::CheckComponents()
#1 0x556d293d5c68 url::(anonymous namespace)::URLParser_Parsing_Test::TestBody()

../../url/url_parsing_unittest.cc:56: Failure
Expected equality of these values:
  parse_case.path
    Which is: "/"
  parsed_url.path()
    Which is: "///./"
{"url":"O:///./%23</", "error":{"component":"path", "expected":"/", "actual":"///./"}}
Stack trace:
#0 0x556d293d7f45 url::(anonymous namespace)::CheckComponents()
#1 0x556d293d5c68 url::(anonymous namespace)::URLParser_Parsing_Test::TestBody()

../../url/url_parsing_unittest.cc:54: Failure
Expected equality of these values:
  parse_case.host
    Which is: "[df0d:fadc::daca]"
  parsed_url.host()
    Which is: ""
{"url":"P://[df0d:fadc::daca]", "error":{"component":"host", "expected":"[df0d:fadc::daca]", "actual":""}}
Stack trace:
#0 0x556d293d7f45 url::(anonymous namespace)::CheckComponents()
#1 0x556d293d5c68 url::(anonymous namespace)::URLParser_Parsing_Test::TestBody()

../../url/url_parsing_unittest.cc:54: Failure
Expected equality of these values:
  parse_case.host
    Which is: "'"
  parsed_url.host()
    Which is: "%27"
{"url":"wss://'</", "error":{"component":"host", "expected":"'", "actual":"%27"}}
Stack trace:
#0 0x556d293d7f45 url::(anonymous namespace)::CheckComponents()
#1 0x556d293d5c68 url::(anonymous namespace)::URLParser_Parsing_Test::TestBody()

../../url/url_parsing_unittest.cc:54: Failure
Expected equality of these values:
  parse_case.host
    Which is: "[aafb:addd:dace:cfdc:cacd:acca:fb4d:dede]"
  parsed_url.host()
    Which is: ""
{"url":"O://[aafb:addd:dace:cfdc:cacd:acca:fb4d:dede]", "error":{"component":"host", "expected":"[aafb:addd:dace:cfdc:cacd:acca:fb4d:dede]", "actual":""}}
Stack trace:
#0 0x556d293d7f45 url::(anonymous namespace)::CheckComponents()
#1 0x556d293d5c68 url::(anonymous namespace)::URLParser_Parsing_Test::TestBody()

../../url/url_parsing_unittest.cc:54: Failure
Expected equality of these values:
  parse_case.host
    Which is: ""
  parsed_url.host()
    Which is: "t"
{"url":"N:/<///@T", "error":{"component":"host", "expected":"", "actual":"t"}}
Stack trace:
#0 0x556d293d7f45 url::(anonymous namespace)::CheckComponents()
#1 0x556d293d5c68 url::(anonymous namespace)::URLParser_Parsing_Test::TestBody()

../../url/url_parsing_unittest.cc:54: Failure
Expected equality of these values:
  parse_case.host
    Which is: ""
  parsed_url.host()
    Which is: "."
{"url":"N:/<///%2e////////%7b", "error":{"component":"host", "expected":"", "actual":"."}}
Stack trace:
#0 0x556d293d7f45 url::(anonymous namespace)::CheckComponents()
#1 0x556d293d5c68 url::(anonymous namespace)::URLParser_Parsing_Test::TestBody()

../../url/url_parsing_unittest.cc:32: Failure
Value of: parsed_url.is_valid()
  Actual: false
Expected: true
{"url":"http://[::]<//;$", "exception":"invalid URL"}
Stack trace:
#0 0x556d293d5b06 url::(anonymous namespace)::URLParser_Parsing_Test::TestBody()

../../url/url_parsing_unittest.cc:54: Failure
Expected equality of these values:
  parse_case.host
    Which is: "[::bccf:eadb:1ef:407]"
  parsed_url.host()
    Which is: ""
{"url":"L://[::bccf:eadb:1.239.4.7]", "error":{"component":"host", "expected":"[::bccf:eadb:1ef:407]", "actual":""}}
Stack trace:
#0 0x556d293d7f45 url::(anonymous namespace)::CheckComponents()
#1 0x556d293d5c68 url::(anonymous namespace)::URLParser_Parsing_Test::TestBody()

../../url/url_parsing_unittest.cc:56: Failure
Expected equality of these values:
  parse_case.path
    Which is: "/"
  parsed_url.path()
    Which is: "///./"
{"url":"Y:///.////W</", "error":{"component":"path", "expected":"/", "actual":"///./"}}
Stack trace:
#0 0x556d293d7f45 url::(anonymous namespace)::CheckComponents()
#1 0x556d293d5c68 url::(anonymous namespace)::URLParser_Parsing_Test::TestBody()

../../url/url_parsing_unittest.cc:54: Failure
Expected equality of these values:
  parse_case.host
    Which is: "[c6ef:edbb::bdce:edfd]"
  parsed_url.host()
    Which is: ""
{"url":"file://[c6ef:edbb::bdce:edfd]</", "error":{"component":"host", "expected":"[c6ef:edbb::bdce:edfd]", "actual":""}}
Stack trace:
#0 0x556d293d7f45 url::(anonymous namespace)::CheckComponents()
#1 0x556d293d5c68 url::(anonymous namespace)::URLParser_Parsing_Test::TestBody()

../../url/url_parsing_unittest.cc:56: Failure
Expected equality of these values:
  parse_case.path
    Which is: "/"
  parsed_url.path()
    Which is: "///./"
{"url":"S:///.////:</", "error":{"component":"path", "expected":"/", "actual":"///./"}}
Stack trace:
#0 0x556d293d7f45 url::(anonymous namespace)::CheckComponents()
#1 0x556d293d5c68 url::(anonymous namespace)::URLParser_Parsing_Test::TestBody()

../../url/url_parsing_unittest.cc:54: Failure
Expected equality of these values:
  parse_case.host
    Which is: "o'"
  parsed_url.host()
    Which is: "o%27"
{"url":"ws://[::]<//O'", "error":{"component":"host", "expected":"o'", "actual":"o%27"}}
Stack trace:
#0 0x556d293d7f45 url::(anonymous namespace)::CheckComponents()
#1 0x556d293d5c68 url::(anonymous namespace)::URLParser_Parsing_Test::TestBody()

../../url/url_parsing_unittest.cc:56: Failure
Expected equality of these values:
  parse_case.path
    Which is: "//////|"
  parsed_url.path()
    Which is: "//////%7C"
{"url":"file:///</%2e//////|", "error":{"component":"path", "expected":"//////|", "actual":"//////%7C"}}
Stack trace:
#0 0x556d293d7f45 url::(anonymous namespace)::CheckComponents()
#1 0x556d293d5c68 url::(anonymous namespace)::URLParser_Parsing_Test::TestBody()

../../url/url_parsing_unittest.cc:56: Failure
Expected equality of these values:
  parse_case.path
    Which is: "///^"
  parsed_url.path()
    Which is: "///%5E"
{"url":"https://[::]</%2e%2e///^", "error":{"component":"path", "expected":"///^", "actual":"///%5E"}}
Stack trace:
#0 0x556d293d7f45 url::(anonymous namespace)::CheckComponents()
#1 0x556d293d5c68 url::(anonymous namespace)::URLParser_Parsing_Test::TestBody()

../../url/url_parsing_unittest.cc:54: Failure
Expected equality of these values:
  parse_case.host
    Which is: "[::]"
  parsed_url.host()
    Which is: ""
{"url":"file://[::]/%2e.///////////.</", "error":{"component":"host", "expected":"[::]", "actual":""}}
Stack trace:
#0 0x556d293d7f45 url::(anonymous namespace)::CheckComponents()
#1 0x556d293d5c68 url::(anonymous namespace)::URLParser_Parsing_Test::TestBody()

../../url/url_parsing_unittest.cc:54: Failure
Expected equality of these values:
  parse_case.host
    Which is: "[3bae::aaeb:308:608]"
  parsed_url.host()
    Which is: ""
{"url":"G://[3bae::aaeb:3.8.6.8]", "error":{"component":"host", "expected":"[3bae::aaeb:308:608]", "actual":""}}
Stack trace:
#0 0x556d293d7f45 url::(anonymous namespace)::CheckComponents()
#1 0x556d293d5c68 url::(anonymous namespace)::URLParser_Parsing_Test::TestBody()

../../url/url_parsing_unittest.cc:54: Failure
Expected equality of these values:
  parse_case.host
    Which is: "[::cedf:eefd:fc02:705]"
  parsed_url.host()
    Which is: ""
{"url":"file://[::cedf:eefd:252.2.7.5]</", "error":{"component":"host", "expected":"[::cedf:eefd:fc02:705]", "actual":""}}
Stack trace:
#0 0x556d293d7f45 url::(anonymous namespace)::CheckComponents()
#1 0x556d293d5c68 url::(anonymous namespace)::URLParser_Parsing_Test::TestBody()

../../url/url_parsing_unittest.cc:56: Failure
Expected equality of these values:
  parse_case.path
    Which is: "/"
  parsed_url.path()
    Which is: "///%2e/"
{"url":"R:///%2e/////////..</", "error":{"component":"path", "expected":"/", "actual":"///%2e/"}}
Stack trace:
#0 0x556d293d7f45 url::(anonymous namespace)::CheckComponents()
#1 0x556d293d5c68 url::(anonymous namespace)::URLParser_Parsing_Test::TestBody()

../../url/url_parsing_unittest.cc:56: Failure
Expected equality of these values:
  parse_case.path
    Which is: "/"
  parsed_url.path()
    Which is: "///.%2e/"
{"url":"Q:///.%2e//////%3e</", "error":{"component":"path", "expected":"/", "actual":"///.%2e/"}}
Stack trace:
#0 0x556d293d7f45 url::(anonymous namespace)::CheckComponents()
#1 0x556d293d5c68 url::(anonymous namespace)::URLParser_Parsing_Test::TestBody()

../../url/url_parsing_unittest.cc:56: Failure
Expected equality of these values:
  parse_case.path
    Which is: "////|"
  parsed_url.path()
    Which is: "////%7C"
{"url":"http://[::]<.%2e////|", "error":{"component":"path", "expected":"////|", "actual":"////%7C"}}
Stack trace:
#0 0x556d293d7f45 url::(anonymous namespace)::CheckComponents()
#1 0x556d293d5c68 url::(anonymous namespace)::URLParser_Parsing_Test::TestBody()

../../url/url_parsing_unittest.cc:54: Failure
Expected equality of these values:
  parse_case.host
    Which is: "\"}"
  parsed_url.host()
    Which is: ""
{"url":"F://"}", "error":{"component":"host", "expected":""}", "actual":""}}
Stack trace:
#0 0x556d293d7f45 url::(anonymous namespace)::CheckComponents()
#1 0x556d293d5c68 url::(anonymous namespace)::URLParser_Parsing_Test::TestBody()

../../url/url_parsing_unittest.cc:35: Failure
Value of: parsed_url.is_valid()
  Actual: false
Expected: true
{"url":"wss://;", "exception":"invalid URL"}
Stack trace:
#0 0x556d293d5b06 url::(anonymous namespace)::URLParser_Parsing_Test::TestBody()

../../url/url_parsing_unittest.cc:54: Failure
Expected equality of these values:
  parse_case.host
    Which is: ""
  parsed_url.host()
    Which is: ".."
{"url":"F:/<///..////..", "error":{"component":"host", "expected":"", "actual":".."}}
Stack trace:
#0 0x556d293d7f45 url::(anonymous namespace)::CheckComponents()
#1 0x556d293d5c68 url::(anonymous namespace)::URLParser_Parsing_Test::TestBody()

[  FAILED  ] URLParser.Parsing (36 ms)
[----------] 1 test from URLParser (37 ms total)

[----------] Global test environment tear-down
[==========] 1 test from 1 test suite ran. (37 ms total)
[  PASSED  ] 0 tests.
[  FAILED  ] 1 test, listed below:
[  FAILED  ] URLParser.Parsing

 1 FAILED TEST
[1/1] URLParser.Parsing (36 ms)
1 test failed:
    URLParser.Parsing (../../url/url_parsing_unittest.cc:334)
Tests took 0 seconds.
