IMPORTANT DEBUGGING NOTE: batches of tests are run inside their
own process. For debugging a test inside a debugger, use the
--gtest_filter=<your_test_name> flag along with
--single-process-tests.
Using sharding settings from environment. This is shard 0/1
Using 1 parallel jobs.
Note: Google Test filter = URLParser.Parsing
[==========] Running 1 test from 1 test suite.
[----------] Global test environment set-up.
[----------] 1 test from URLParser
[ RUN      ] URLParser.Parsing
../../url/url_parsing_unittest.cc:54: Failure
Expected equality of these values:
  parse_case.host
    Which is: "*"
  parsed_url.host()
    Which is: "%2A"
{"url":"wss://:@*", "error":{"component":"host", "expected":"*", "actual":"%2A"}}
Stack trace:
#0 0x559eb8dabb45 url::(anonymous namespace)::CheckComponents()
#1 0x559eb8da9868 url::(anonymous namespace)::URLParser_Parsing_Test::TestBody()

../../url/url_parsing_unittest.cc:54: Failure
Expected equality of these values:
  parse_case.host
    Which is: "f,"
  parsed_url.host()
    Which is: "f%2C"
{"url":"https://F,", "error":{"component":"host", "expected":"f,", "actual":"f%2C"}}
Stack trace:
#0 0x559eb8dabb45 url::(anonymous namespace)::CheckComponents()
#1 0x559eb8da9868 url::(anonymous namespace)::URLParser_Parsing_Test::TestBody()

../../url/url_parsing_unittest.cc:54: Failure
Expected equality of these values:
  parse_case.host
    Which is: ""
  parsed_url.host()
    Which is: "%26"
{"url":"J:/<///&", "error":{"component":"host", "expected":"", "actual":"%26"}}
Stack trace:
#0 0x559eb8dabb45 url::(anonymous namespace)::CheckComponents()
#1 0x559eb8da9868 url::(anonymous namespace)::URLParser_Parsing_Test::TestBody()

../../url/url_parsing_unittest.cc:54: Failure
Expected equality of these values:
  parse_case.host
    Which is: "%6f"
  parsed_url.host()
    Which is: "o"
{"url":"r:/<//%6f", "error":{"component":"host", "expected":"%6f", "actual":"o"}}
Stack trace:
#0 0x559eb8dabb45 url::(anonymous namespace)::CheckComponents()
#1 0x559eb8da9868 url::(anonymous namespace)::URLParser_Parsing_Test::TestBody()

../../url/url_parsing_unittest.cc:35: Failure
Value of: parsed_url.is_valid()
  Actual: false
Expected: true
{"url":"file://;,", "exception":"invalid URL"}
Stack trace:
#0 0x559eb8da9706 url::(anonymous namespace)::URLParser_Parsing_Test::TestBody()

../../url/url_parsing_unittest.cc:54: Failure
Expected equality of these values:
  parse_case.host
    Which is: "z!"
  parsed_url.host()
    Which is: "z%21"
{"url":"wss://Z!", "error":{"component":"host", "expected":"z!", "actual":"z%21"}}
Stack trace:
#0 0x559eb8dabb45 url::(anonymous namespace)::CheckComponents()
#1 0x559eb8da9868 url::(anonymous namespace)::URLParser_Parsing_Test::TestBody()

../../url/url_parsing_unittest.cc:54: Failure
Expected equality of these values:
  parse_case.host
    Which is: "n"
  parsed_url.host()
    Which is: ""
{"url":"T://N", "error":{"component":"host", "expected":"n", "actual":""}}
Stack trace:
#0 0x559eb8dabb45 url::(anonymous namespace)::CheckComponents()
#1 0x559eb8da9868 url::(anonymous namespace)::URLParser_Parsing_Test::TestBody()

../../url/url_parsing_unittest.cc:54: Failure
Expected equality of these values:
  parse_case.host
    Which is: "[::cdfb:bafe:27fe:fafa]"
  parsed_url.host()
    Which is: ""
{"url":"file://[::cdfb:bafe:39.254.250.250]</", "error":{"component":"host", "expected":"[::cdfb:bafe:27fe:fafa]", "actual":""}}
Stack trace:
#0 0x559eb8dabb45 url::(anonymous namespace)::CheckComponents()
#1 0x559eb8da9868 url::(anonymous namespace)::URLParser_Parsing_Test::TestBody()

../../url/url_parsing_unittest.cc:54: Failure
Expected equality of these values:
  parse_case.host
    Which is: "*o"
  parsed_url.host()
    Which is: "%2Ao"
{"url":"wss://[::]<//*o", "error":{"component":"host", "expected":"*o", "actual":"%2Ao"}}
Stack trace:
#0 0x559eb8dabb45 url::(anonymous namespace)::CheckComponents()
#1 0x559eb8da9868 url::(anonymous namespace)::URLParser_Parsing_Test::TestBody()

../../url/url_parsing_unittest.cc:54: Failure
Expected equality of these values:
  parse_case.host
    Which is: ""
  parsed_url.host()
    Which is: ".."
{"url":"N:/<///../]", "error":{"component":"host", "expected":"", "actual":".."}}
Stack trace:
#0 0x559eb8dabb45 url::(anonymous namespace)::CheckComponents()
#1 0x559eb8da9868 url::(anonymous namespace)::URLParser_Parsing_Test::TestBody()

../../url/url_parsing_unittest.cc:54: Failure
Expected equality of these values:
  parse_case.host
    Which is: "_"
  parsed_url.host()
    Which is: ""
{"url":"D://_", "error":{"component":"host", "expected":"_", "actual":""}}
Stack trace:
#0 0x559eb8dabb45 url::(anonymous namespace)::CheckComponents()
#1 0x559eb8da9868 url::(anonymous namespace)::URLParser_Parsing_Test::TestBody()

../../url/url_parsing_unittest.cc:54: Failure
Expected equality of these values:
  parse_case.host
    Which is: "xn----hja4h"
  parsed_url.host()
    Which is: ""
{"url":"file://ġ-Ł</", "error":{"component":"host", "expected":"xn----hja4h", "actual":""}}
Stack trace:
#0 0x559eb8dabb45 url::(anonymous namespace)::CheckComponents()
#1 0x559eb8da9868 url::(anonymous namespace)::URLParser_Parsing_Test::TestBody()

../../url/url_parsing_unittest.cc:56: Failure
Expected equality of these values:
  parse_case.path
    Which is: "/"
  parsed_url.path()
    Which is: "///d:/"
{"url":"a:///d:/</", "error":{"component":"path", "expected":"/", "actual":"///d:/"}}
Stack trace:
#0 0x559eb8dabb45 url::(anonymous namespace)::CheckComponents()
#1 0x559eb8da9868 url::(anonymous namespace)::URLParser_Parsing_Test::TestBody()

[  FAILED  ] URLParser.Parsing (5 ms)
[----------] 1 test from URLParser (5 ms total)

[----------] Global test environment tear-down
[==========] 1 test from 1 test suite ran. (5 ms total)
[  PASSED  ] 0 tests.
[  FAILED  ] 1 test, listed below:
[  FAILED  ] URLParser.Parsing

 1 FAILED TEST
[1/1] URLParser.Parsing (5 ms)
1 test failed:
    URLParser.Parsing (../../url/url_parsing_unittest.cc:138)
Tests took 0 seconds.
