IMPORTANT DEBUGGING NOTE: batches of tests are run inside their
own process. For debugging a test inside a debugger, use the
--gtest_filter=<your_test_name> flag along with
--single-process-tests.
Using sharding settings from environment. This is shard 0/1
Using 1 parallel jobs.
Note: Google Test filter = URLParser.Parsing
[==========] Running 1 test from 1 test suite.
[----------] Global test environment set-up.
[----------] 1 test from URLParser
[ RUN      ] URLParser.Parsing
../../url/url_parsing_unittest.cc:32: Failure
Value of: parsed_url.is_valid()
  Actual: false
Expected: true
{"url":"F:/<//M~", "exception":"invalid URL"}
Stack trace:
#0 0x55d22545fe86 url::(anonymous namespace)::URLParser_Parsing_Test::TestBody()

../../url/url_parsing_unittest.cc:54: Failure
Expected equality of these values:
  parse_case.host
    Which is: "_$"
  parsed_url.host()
    Which is: "_%24"
{"url":"https://[::]<//_$", "error":{"component":"host", "expected":"_$", "actual":"_%24"}}
Stack trace:
#0 0x55d2254622c5 url::(anonymous namespace)::CheckComponents()
#1 0x55d22545ffe8 url::(anonymous namespace)::URLParser_Parsing_Test::TestBody()

../../url/url_parsing_unittest.cc:54: Failure
Expected equality of these values:
  parse_case.host
    Which is: "{"
  parsed_url.host()
    Which is: ""
{"url":"file://{</", "error":{"component":"host", "expected":"{", "actual":""}}
Stack trace:
#0 0x55d2254622c5 url::(anonymous namespace)::CheckComponents()
#1 0x55d22545ffe8 url::(anonymous namespace)::URLParser_Parsing_Test::TestBody()

../../url/url_parsing_unittest.cc:54: Failure
Expected equality of these values:
  parse_case.host
    Which is: "{"
  parsed_url.host()
    Which is: "%7B"
{"url":"file://{", "error":{"component":"host", "expected":"{", "actual":"%7B"}}
Stack trace:
#0 0x55d2254622c5 url::(anonymous namespace)::CheckComponents()
#1 0x55d22545ffe8 url::(anonymous namespace)::URLParser_Parsing_Test::TestBody()

../../url/url_parsing_unittest.cc:54: Failure
Expected equality of these values:
  parse_case.host
    Which is: "\""
  parsed_url.host()
    Which is: "%22"
{"url":"https://%3d@"", "error":{"component":"host", "expected":""", "actual":"%22"}}
Stack trace:
#0 0x55d2254622c5 url::(anonymous namespace)::CheckComponents()
#1 0x55d22545ffe8 url::(anonymous namespace)::URLParser_Parsing_Test::TestBody()

../../url/url_parsing_unittest.cc:54: Failure
Expected equality of these values:
  parse_case.host
    Which is: "`"
  parsed_url.host()
    Which is: "%60"
{"url":"S:/<//`", "error":{"component":"host", "expected":"`", "actual":"%60"}}
Stack trace:
#0 0x55d2254622c5 url::(anonymous namespace)::CheckComponents()
#1 0x55d22545ffe8 url::(anonymous namespace)::URLParser_Parsing_Test::TestBody()

../../url/url_parsing_unittest.cc:54: Failure
Expected equality of these values:
  parse_case.host
    Which is: "`"
  parsed_url.host()
    Which is: "%60"
{"url":"L:/<//`", "error":{"component":"host", "expected":"`", "actual":"%60"}}
Stack trace:
#0 0x55d2254622c5 url::(anonymous namespace)::CheckComponents()
#1 0x55d22545ffe8 url::(anonymous namespace)::URLParser_Parsing_Test::TestBody()

../../url/url_parsing_unittest.cc:54: Failure
Expected equality of these values:
  parse_case.host
    Which is: ",k"
  parsed_url.host()
    Which is: "%2Ck"
{"url":"wss://[::]<//,k", "error":{"component":"host", "expected":",k", "actual":"%2Ck"}}
Stack trace:
#0 0x55d2254622c5 url::(anonymous namespace)::CheckComponents()
#1 0x55d22545ffe8 url::(anonymous namespace)::URLParser_Parsing_Test::TestBody()

../../url/url_parsing_unittest.cc:54: Failure
Expected equality of these values:
  parse_case.host
    Which is: "250.253.251.250"
  parsed_url.host()
    Which is: ""
{"url":"file://250.253.251.250</", "error":{"component":"host", "expected":"250.253.251.250", "actual":""}}
Stack trace:
#0 0x55d2254622c5 url::(anonymous namespace)::CheckComponents()
#1 0x55d22545ffe8 url::(anonymous namespace)::URLParser_Parsing_Test::TestBody()

../../url/url_parsing_unittest.cc:54: Failure
Expected equality of these values:
  parse_case.host
    Which is: ""
  parsed_url.host()
    Which is: "%21%23"
{"url":"F:/<///!%23", "error":{"component":"host", "expected":"", "actual":"%21%23"}}
Stack trace:
#0 0x55d2254622c5 url::(anonymous namespace)::CheckComponents()
#1 0x55d22545ffe8 url::(anonymous namespace)::URLParser_Parsing_Test::TestBody()

../../url/url_parsing_unittest.cc:32: Failure
Value of: parsed_url.is_valid()
  Actual: false
Expected: true
{"url":"O:/<//%ed", "exception":"invalid URL"}
Stack trace:
#0 0x55d22545fe86 url::(anonymous namespace)::URLParser_Parsing_Test::TestBody()

../../url/url_parsing_unittest.cc:54: Failure
Expected equality of these values:
  parse_case.host
    Which is: ""
  parsed_url.host()
    Which is: "w"
{"url":"T:/<///W:/", "error":{"component":"host", "expected":"", "actual":"w"}}
Stack trace:
#0 0x55d2254622c5 url::(anonymous namespace)::CheckComponents()
#1 0x55d22545ffe8 url::(anonymous namespace)::URLParser_Parsing_Test::TestBody()

../../url/url_parsing_unittest.cc:54: Failure
Expected equality of these values:
  parse_case.host
    Which is: "253.254.253.89"
  parsed_url.host()
    Which is: ""
{"url":"file://253.254.253.89</", "error":{"component":"host", "expected":"253.254.253.89", "actual":""}}
Stack trace:
#0 0x55d2254622c5 url::(anonymous namespace)::CheckComponents()
#1 0x55d22545ffe8 url::(anonymous namespace)::URLParser_Parsing_Test::TestBody()

../../url/url_parsing_unittest.cc:54: Failure
Expected equality of these values:
  parse_case.host
    Which is: "{v"
  parsed_url.host()
    Which is: "%7Bv"
{"url":"F:/<//{v", "error":{"component":"host", "expected":"{v", "actual":"%7Bv"}}
Stack trace:
#0 0x55d2254622c5 url::(anonymous namespace)::CheckComponents()
#1 0x55d22545ffe8 url::(anonymous namespace)::URLParser_Parsing_Test::TestBody()

../../url/url_parsing_unittest.cc:54: Failure
Expected equality of these values:
  parse_case.host
    Which is: "\""
  parsed_url.host()
    Which is: "%22"
{"url":"ws://é¸@"", "error":{"component":"host", "expected":""", "actual":"%22"}}
Stack trace:
#0 0x55d2254622c5 url::(anonymous namespace)::CheckComponents()
#1 0x55d22545ffe8 url::(anonymous namespace)::URLParser_Parsing_Test::TestBody()

[  FAILED  ] URLParser.Parsing (10 ms)
[----------] 1 test from URLParser (11 ms total)

[----------] Global test environment tear-down
[==========] 1 test from 1 test suite ran. (11 ms total)
[  PASSED  ] 0 tests.
[  FAILED  ] 1 test, listed below:
[  FAILED  ] URLParser.Parsing

 1 FAILED TEST
[1/1] URLParser.Parsing (10 ms)
1 test failed:
    URLParser.Parsing (../../url/url_parsing_unittest.cc:145)
Tests took 0 seconds.
