IMPORTANT DEBUGGING NOTE: batches of tests are run inside their
own process. For debugging a test inside a debugger, use the
--gtest_filter=<your_test_name> flag along with
--single-process-tests.
Using sharding settings from environment. This is shard 0/1
Using 1 parallel jobs.
Note: Google Test filter = URLParser.Parsing
[==========] Running 1 test from 1 test suite.
[----------] Global test environment set-up.
[----------] 1 test from URLParser
[ RUN      ] URLParser.Parsing
../../url/url_parsing_unittest.cc:32: Failure
Value of: parsed_url.is_valid()
  Actual: false
Expected: true
{"url":"F:/<//~!", "exception":"invalid URL"}
Stack trace:
#0 0x5563182ebbc6 url::(anonymous namespace)::URLParser_Parsing_Test::TestBody()

../../url/url_parsing_unittest.cc:54: Failure
Expected equality of these values:
  parse_case.host
    Which is: "[dfaa::]"
  parsed_url.host()
    Which is: ""
{"url":"R://[dfaa::]", "error":{"component":"host", "expected":"[dfaa::]", "actual":""}}
Stack trace:
#0 0x5563182ee005 url::(anonymous namespace)::CheckComponents()
#1 0x5563182ebd28 url::(anonymous namespace)::URLParser_Parsing_Test::TestBody()

../../url/url_parsing_unittest.cc:54: Failure
Expected equality of these values:
  parse_case.host
    Which is: "`"
  parsed_url.host()
    Which is: "%60"
{"url":"https://[::]<//M@`", "error":{"component":"host", "expected":"`", "actual":"%60"}}
Stack trace:
#0 0x5563182ee005 url::(anonymous namespace)::CheckComponents()
#1 0x5563182ebd28 url::(anonymous namespace)::URLParser_Parsing_Test::TestBody()

[  FAILED  ] URLParser.Parsing (1 ms)
[----------] 1 test from URLParser (2 ms total)

[----------] Global test environment tear-down
[==========] 1 test from 1 test suite ran. (2 ms total)
[  PASSED  ] 0 tests.
[  FAILED  ] 1 test, listed below:
[  FAILED  ] URLParser.Parsing

 1 FAILED TEST
[1/1] URLParser.Parsing (1 ms)
1 test failed:
    URLParser.Parsing (../../url/url_parsing_unittest.cc:74)
Tests took 0 seconds.
