IMPORTANT DEBUGGING NOTE: batches of tests are run inside their
own process. For debugging a test inside a debugger, use the
--gtest_filter=<your_test_name> flag along with
--single-process-tests.
Using sharding settings from environment. This is shard 0/1
Using 1 parallel jobs.
Note: Google Test filter = URLParser.Parsing
[==========] Running 1 test from 1 test suite.
[----------] Global test environment set-up.
[----------] 1 test from URLParser
[ RUN      ] URLParser.Parsing
../../url/url_parsing_unittest.cc:32: Failure
Value of: parsed_url.is_valid()
  Actual: false
Expected: true
{"url":"F:/<//M~", "exception":"invalid URL"}
Stack trace:
#0 0x55f877178946 url::(anonymous namespace)::URLParser_Parsing_Test::TestBody()

../../url/url_parsing_unittest.cc:54: Failure
Expected equality of these values:
  parse_case.host
    Which is: "{"
  parsed_url.host()
    Which is: ""
{"url":"file://{</", "error":{"component":"host", "expected":"{", "actual":""}}
Stack trace:
#0 0x55f87717ad85 url::(anonymous namespace)::CheckComponents()
#1 0x55f877178aa8 url::(anonymous namespace)::URLParser_Parsing_Test::TestBody()

../../url/url_parsing_unittest.cc:54: Failure
Expected equality of these values:
  parse_case.host
    Which is: "{"
  parsed_url.host()
    Which is: "%7B"
{"url":"file://{", "error":{"component":"host", "expected":"{", "actual":"%7B"}}
Stack trace:
#0 0x55f87717ad85 url::(anonymous namespace)::CheckComponents()
#1 0x55f877178aa8 url::(anonymous namespace)::URLParser_Parsing_Test::TestBody()

../../url/url_parsing_unittest.cc:54: Failure
Expected equality of these values:
  parse_case.host
    Which is: "\""
  parsed_url.host()
    Which is: "%22"
{"url":"https://%3d@"", "error":{"component":"host", "expected":""", "actual":"%22"}}
Stack trace:
#0 0x55f87717ad85 url::(anonymous namespace)::CheckComponents()
#1 0x55f877178aa8 url::(anonymous namespace)::URLParser_Parsing_Test::TestBody()

[  FAILED  ] URLParser.Parsing (2 ms)
[----------] 1 test from URLParser (4 ms total)

[----------] Global test environment tear-down
[==========] 1 test from 1 test suite ran. (4 ms total)
[  PASSED  ] 0 tests.
[  FAILED  ] 1 test, listed below:
[  FAILED  ] URLParser.Parsing

 1 FAILED TEST
[1/1] URLParser.Parsing (2 ms)
1 test failed:
    URLParser.Parsing (../../url/url_parsing_unittest.cc:88)
Tests took 0 seconds.
