IMPORTANT DEBUGGING NOTE: batches of tests are run inside their
own process. For debugging a test inside a debugger, use the
--gtest_filter=<your_test_name> flag along with
--single-process-tests.
Using sharding settings from environment. This is shard 0/1
Using 1 parallel jobs.
Note: Google Test filter = URLParser.Parsing
[==========] Running 1 test from 1 test suite.
[----------] Global test environment set-up.
[----------] 1 test from URLParser
[ RUN      ] URLParser.Parsing
../../url/url_parsing_unittest.cc:22: Failure
Value of: parsed_url.is_valid()
  Actual: false
Expected: true
{"url":"//[::aebc:cbbb:edbc:250.252.1.252]", "exception":"invalid URL"}
Stack trace:
#0 0x5647b2a3b690 url::(anonymous namespace)::URLParser_Parsing_Test::TestBody()

../../url/url_parsing_unittest.cc:22: Failure
Value of: parsed_url.is_valid()
  Actual: false
Expected: true
{"url":"//252.253.250.3", "exception":"invalid URL"}
Stack trace:
#0 0x5647b2a3b690 url::(anonymous namespace)::URLParser_Parsing_Test::TestBody()

../../url/url_parsing_unittest.cc:22: Failure
Value of: parsed_url.is_valid()
  Actual: false
Expected: true
{"url":"//[ceda:dabe:cced:dfaa:eaff:bbea:31.251.250.253%25.]", "exception":"invalid URL"}
Stack trace:
#0 0x5647b2a3b690 url::(anonymous namespace)::URLParser_Parsing_Test::TestBody()

../../url/url_parsing_unittest.cc:22: Failure
Value of: parsed_url.is_valid()
  Actual: false
Expected: true
{"url":"//?%f8", "exception":"invalid URL"}
Stack trace:
#0 0x5647b2a3b690 url::(anonymous namespace)::URLParser_Parsing_Test::TestBody()

../../url/url_parsing_unittest.cc:22: Failure
Value of: parsed_url.is_valid()
  Actual: false
Expected: true
{"url":"//[5cda:fcfe::fbfe:cadc:eccf:250.252.251.252%25_]", "exception":"invalid URL"}
Stack trace:
#0 0x5647b2a3b690 url::(anonymous namespace)::URLParser_Parsing_Test::TestBody()

../../url/url_parsing_unittest.cc:22: Failure
Value of: parsed_url.is_valid()
  Actual: false
Expected: true
{"url":"//[::deca:eabe:bbdc:251.252.90.251]", "exception":"invalid URL"}
Stack trace:
#0 0x5647b2a3b690 url::(anonymous namespace)::URLParser_Parsing_Test::TestBody()

../../url/url_parsing_unittest.cc:22: Failure
Value of: parsed_url.is_valid()
  Actual: false
Expected: true
{"url":"//[::254.250.183.252%25~]", "exception":"invalid URL"}
Stack trace:
#0 0x5647b2a3b690 url::(anonymous namespace)::URLParser_Parsing_Test::TestBody()

../../url/url_parsing_unittest.cc:22: Failure
Value of: parsed_url.is_valid()
  Actual: false
Expected: true
{"url":"//[::fbec:39.252.254.252]", "exception":"invalid URL"}
Stack trace:
#0 0x5647b2a3b690 url::(anonymous namespace)::URLParser_Parsing_Test::TestBody()

../../url/url_parsing_unittest.cc:22: Failure
Value of: parsed_url.is_valid()
  Actual: false
Expected: true
{"url":"//[::bbab:eedf:cabd:dfef:fcef:254.121.251.252%25_]", "exception":"invalid URL"}
Stack trace:
#0 0x5647b2a3b690 url::(anonymous namespace)::URLParser_Parsing_Test::TestBody()

../../url/url_parsing_unittest.cc:22: Failure
Value of: parsed_url.is_valid()
  Actual: false
Expected: true
{"url":"//[::9ebc:ebcf:daeb:ffef:aadc:252.250.255.253]", "exception":"invalid URL"}
Stack trace:
#0 0x5647b2a3b690 url::(anonymous namespace)::URLParser_Parsing_Test::TestBody()

../../url/url_parsing_unittest.cc:22: Failure
Value of: parsed_url.is_valid()
  Actual: false
Expected: true
{"url":"//[2cea:dbdf::%25.]", "exception":"invalid URL"}
Stack trace:
#0 0x5647b2a3b690 url::(anonymous namespace)::URLParser_Parsing_Test::TestBody()

../../url/url_parsing_unittest.cc:22: Failure
Value of: parsed_url.is_valid()
  Actual: false
Expected: true
{"url":"//[3fcb:eaea:dadf:eacb:cfcb:ceac:254.252.252.255]", "exception":"invalid URL"}
Stack trace:
#0 0x5647b2a3b690 url::(anonymous namespace)::URLParser_Parsing_Test::TestBody()

[  FAILED  ] URLParser.Parsing (4 ms)
[----------] 1 test from URLParser (4 ms total)

[----------] Global test environment tear-down
[==========] 1 test from 1 test suite ran. (4 ms total)
[  PASSED  ] 0 tests.
[  FAILED  ] 1 test, listed below:
[  FAILED  ] URLParser.Parsing

 1 FAILED TEST
[1/1] URLParser.Parsing (4 ms)
1 test failed:
    URLParser.Parsing (../../url/url_parsing_unittest.cc:51)
Tests took 0 seconds.
